21/02/2023 15:19:43	This log contains information about the import schema operation into project 'Project' on computer 'RB-209B-08' by user '668392'.
21/02/2023 15:19:44	Import of database schema has started.
21/02/2023 15:19:52	Gathering database credentials
21/02/2023 15:19:52	Gathering database options
21/02/2023 15:19:52	Gathering generic database scoped configuration option
21/02/2023 15:19:52	Gathering users
21/02/2023 15:19:52	Gathering roles
21/02/2023 15:19:52	Gathering application roles
21/02/2023 15:19:52	Gathering role memberships
21/02/2023 15:19:52	Gathering filegroups
21/02/2023 15:19:52	Gathering full-text catalogs
21/02/2023 15:19:52	Gathering assemblies
21/02/2023 15:19:52	Gathering certificates
21/02/2023 15:19:52	Gathering asymmetric keys
21/02/2023 15:19:52	Gathering symmetric keys
21/02/2023 15:19:52	Gathering encrypted symmetric keys
21/02/2023 15:19:52	Gathering schemas
21/02/2023 15:19:52	Gathering XML schema collections
21/02/2023 15:19:52	Gathering user-defined data types
21/02/2023 15:19:52	Gathering user-defined types
21/02/2023 15:19:52	Gathering table types
21/02/2023 15:19:52	Gathering unique keys for table types
21/02/2023 15:19:52	Gathering primary keys for table types
21/02/2023 15:19:52	Gathering indexes for table types
21/02/2023 15:19:53	Gathering check constraints for table types
21/02/2023 15:19:53	Gathering default constraints for table types
21/02/2023 15:19:53	Gathering partition functions
21/02/2023 15:19:53	Gathering partition schemes
21/02/2023 15:19:53	Gathering functions
21/02/2023 15:19:53	Gathering encrypted functions
21/02/2023 15:19:53	Gathering aggregates
21/02/2023 15:19:53	Gathering procedures
21/02/2023 15:20:18	Gathering encrypted procedures
21/02/2023 15:20:18	Gathering tables
21/02/2023 15:20:43	Gathering primary keys
21/02/2023 15:20:43	Gathering unique constraints
21/02/2023 15:20:43	Gathering foreign keys
21/02/2023 15:20:43	Gathering default constraints
21/02/2023 15:20:43	Gathering check constraints
21/02/2023 15:20:43	Gathering views
21/02/2023 15:20:43	Gathering encrypted views
21/02/2023 15:20:43	Gathering indexes
21/02/2023 15:20:43	Gathering statistics
21/02/2023 15:20:43	Gathering full-text index stoplists
21/02/2023 15:20:43	Gathering search property lists
21/02/2023 15:20:43	Gathering search properties
21/02/2023 15:20:43	Gathering full-text indexes
21/02/2023 15:20:43	Gathering column store indexes
21/02/2023 15:20:43	Gathering spatial indexes
21/02/2023 15:21:10	Gathering XML indexes
21/02/2023 15:21:10	Gathering Selective XML indexes
21/02/2023 15:21:10	Gathering encrypted triggers
21/02/2023 15:21:10	Gathering triggers
21/02/2023 15:21:10	Gathering encrypted and clr ddl triggers
21/02/2023 15:21:10	Gathering ddl triggers
21/02/2023 15:21:10	Creating edge constraints
21/02/2023 15:21:10	Gathering synonyms
21/02/2023 15:21:10	Gathering defaults
21/02/2023 15:21:10	Gathering data constraint uddt bindings
21/02/2023 15:21:10	Gathering rules
21/02/2023 15:21:34	Gathering data constraint uddt bindings
21/02/2023 15:21:34	Gathering message types
21/02/2023 15:21:34	Gathering queues
21/02/2023 15:21:34	Gathering contracts
21/02/2023 15:21:34	Gathering services
21/02/2023 15:21:34	Gathering event notifications
21/02/2023 15:21:34	Gathering remote service bindings
21/02/2023 15:21:34	Gathering broker priorities
21/02/2023 15:21:34	Gathering signatures
21/02/2023 15:21:34	Gathering data compression options
21/02/2023 15:21:34	Gathering sequence types
21/02/2023 15:21:34	Gathering security policies
21/02/2023 15:21:34	Gather column encryption keys
21/02/2023 15:21:34	Gathering column master keys
21/02/2023 15:21:34	Gathering external data sources
21/02/2023 15:21:34	Gathering external file formats
21/02/2023 15:21:34	Gathering external tables
21/02/2023 15:22:10	Gathering extended properties
21/02/2023 15:22:10	Gathering assemblies
21/02/2023 15:22:11	Gathering credentials
21/02/2023 15:22:11	Gathering logins
21/02/2023 15:22:11	Gathering server audits
21/02/2023 15:22:12	Finished importing database.
21/02/2023 15:22:12	A summary of the import was saved to the following location: C:\Users\668392\source\repos\Project\SQL Database\Project\Import Schema Logs\Project_20230221031943.log
21/02/2023 15:22:12	Click Finish to continue...
